Using pre-set license
Built from '2020.3/staging' branch; Version is '2020.3.11f1 (99c7afb366b3) revision 10078127'; Using compiler version '192528614'; Build Type 'Release'
OS: 'Windows 10 Home; OS build 19043.1348; Version 2009; 64bit' Language: 'ja' Physical Memory: 16323 MB
BatchMode: 1, IsHumanControllingUs: 0, StartBugReporterOnCrash: 0, Is64bit: 1, IsPro: 0

 COMMAND LINE ARGUMENTS:
C:\Program Files\Unity\Hub\Editor\2020.3.11f1\Editor\Unity.exe
-adb2
-batchMode
-noUpm
-name
AssetImportWorker0
-projectPath
D:/UnityData/Ridle_Demo
-logFile
Logs/AssetImportWorker0.log
-srvPort
8094
Successfully changed project path to: D:/UnityData/Ridle_Demo
D:/UnityData/Ridle_Demo
Using Asset Import Pipeline V2.
Refreshing native plugins compatible for Editor in 64.13 ms, found 6 plugins.
Preloading 0 native plugins for Editor in 0.00 ms.
Initialize engine version: 2020.3.11f1 (99c7afb366b3)
[Subsystems] Discovering subsystems at path C:/Program Files/Unity/Hub/Editor/2020.3.11f1/Editor/Data/Resources/UnitySubsystems
[Subsystems] Discovering subsystems at path D:/UnityData/Ridle_Demo/Assets
GfxDevice: creating device client; threaded=0
Direct3D:
    Version:  Direct3D 11.0 [level 11.1]
    Renderer: Radeon RX 5500 XT (ID=0x7340)
    Vendor:   
    VRAM:     8151 MB
    Driver:   27.20.1034.6
Initialize mono
Mono path[0] = 'C:/Program Files/Unity/Hub/Editor/2020.3.11f1/Editor/Data/Managed'
Mono path[1] = 'C:/Program Files/Unity/Hub/Editor/2020.3.11f1/Editor/Data/MonoBleedingEdge/lib/mono/unityjit'
Mono config path = 'C:/Program Files/Unity/Hub/Editor/2020.3.11f1/Editor/Data/MonoBleedingEdge/etc'
Using monoOptions --debugger-agent=transport=dt_socket,embedding=1,server=y,suspend=n,address=127.0.0.1:56124
Begin MonoManager ReloadAssembly
Registering precompiled unity dll's ...
Register platform support module: C:/Program Files/Unity/Hub/Editor/2020.3.11f1/Editor/Data/PlaybackEngines/WebGLSupport/UnityEditor.WebGL.Extensions.dll
Register platform support module: C:/Program Files/Unity/Hub/Editor/2020.3.11f1/Editor/Data/PlaybackEngines/WindowsStandaloneSupport/UnityEditor.WindowsStandalone.Extensions.dll
Registered in 0.002156 seconds.
Native extension for WindowsStandalone target not found
Native extension for WebGL target not found
Refreshing native plugins compatible for Editor in 51.71 ms, found 6 plugins.
Preloading 0 native plugins for Editor in 0.00 ms.
Mono: successfully reloaded assembly
- Completed reload, in  1.712 seconds
Platform modules already initialized, skipping
Registering precompiled user dll's ...
Registered in 0.004036 seconds.
Begin MonoManager ReloadAssembly
Native extension for WindowsStandalone target not found
Native extension for WebGL target not found
Refreshing native plugins compatible for Editor in 1.01 ms, found 6 plugins.
Preloading 0 native plugins for Editor in 0.00 ms.
Mono: successfully reloaded assembly
- Completed reload, in  0.965 seconds
Platform modules already initialized, skipping
========================================================================
Worker process is ready to serve import requests
Launched and connected shader compiler UnityShaderCompiler.exe after 0.08 seconds
Refreshing native plugins compatible for Editor in 1.01 ms, found 6 plugins.
Preloading 0 native plugins for Editor in 0.00 ms.
Unloading 2369 Unused Serialized files (Serialized files now loaded: 0)
System memory in use before: 93.2 MB.
System memory in use after: 93.4 MB.

Unloading 83 unused Assets to reduce memory usage. Loaded Objects now: 2751.
Total: 4.857500 ms (FindLiveObjects: 0.256000 ms CreateObjectMapping: 0.067700 ms MarkObjects: 4.456600 ms  DeleteObjects: 0.076400 ms)

========================================================================
Received Import Request.
  path: Assets/00_Scenes/Title_Demo.unity
  artifactKey: Guid(99f16c3219df31b408468297e555bf7f) Importer(815301076,1909f56bfc062723c751e8b465ee728b)
Start importing Assets/00_Scenes/Title_Demo.unity using Guid(99f16c3219df31b408468297e555bf7f) Importer(815301076,1909f56bfc062723c751e8b465ee728b)  -> (artifact id: '8b955d79fc13a42facd21322de83685a') in 0.017292 seconds
  Import took 0.056473 seconds .

========================================================================
Received Import Request.
  Time since last request: 0.148411 seconds.
  path: Assets/00_Scenes/Title_Demo.unity
  artifactKey: Guid(99f16c3219df31b408468297e555bf7f) Importer(815301076,1909f56bfc062723c751e8b465ee728b)
Start importing Assets/00_Scenes/Title_Demo.unity using Guid(99f16c3219df31b408468297e555bf7f) Importer(815301076,1909f56bfc062723c751e8b465ee728b)  -> (artifact id: '8b955d79fc13a42facd21322de83685a') in 0.116687 seconds
  Import took 0.142834 seconds .

========================================================================
Received Prepare
Registering precompiled user dll's ...
Registered in 0.005398 seconds.
Begin MonoManager ReloadAssembly
Native extension for WindowsStandalone target not found
Native extension for WebGL target not found
Refreshing native plugins compatible for Editor in 1.12 ms, found 6 plugins.
Preloading 0 native plugins for Editor in 0.00 ms.
Mono: successfully reloaded assembly
- Completed reload, in  1.073 seconds
Platform modules already initialized, skipping
Refreshing native plugins compatible for Editor in 1.06 ms, found 6 plugins.
Preloading 0 native plugins for Editor in 0.00 ms.
Unloading 2355 Unused Serialized files (Serialized files now loaded: 0)
System memory in use before: 92.4 MB.
System memory in use after: 92.6 MB.

Unloading 74 unused Assets to reduce memory usage. Loaded Objects now: 2754.
Total: 5.367000 ms (FindLiveObjects: 0.269400 ms CreateObjectMapping: 0.064200 ms MarkObjects: 4.989000 ms  DeleteObjects: 0.042400 ms)

========================================================================
Received Prepare
Registering precompiled user dll's ...
Registered in 0.004621 seconds.
Begin MonoManager ReloadAssembly
Native extension for WindowsStandalone target not found
Native extension for WebGL target not found
Refreshing native plugins compatible for Editor in 1.03 ms, found 6 plugins.
Preloading 0 native plugins for Editor in 0.00 ms.
Mono: successfully reloaded assembly
- Completed reload, in  1.016 seconds
Platform modules already initialized, skipping
Refreshing native plugins compatible for Editor in 1.04 ms, found 6 plugins.
Preloading 0 native plugins for Editor in 0.00 ms.
Unloading 2355 Unused Serialized files (Serialized files now loaded: 0)
System memory in use before: 92.5 MB.
System memory in use after: 92.7 MB.

Unloading 74 unused Assets to reduce memory usage. Loaded Objects now: 2757.
Total: 5.346000 ms (FindLiveObjects: 0.297300 ms CreateObjectMapping: 0.062700 ms MarkObjects: 4.942600 ms  DeleteObjects: 0.041600 ms)

========================================================================
Received Prepare
Registering precompiled user dll's ...
Registered in 0.004660 seconds.
Begin MonoManager ReloadAssembly
Native extension for WindowsStandalone target not found
Native extension for WebGL target not found
Refreshing native plugins compatible for Editor in 1.03 ms, found 6 plugins.
Preloading 0 native plugins for Editor in 0.00 ms.
Mono: successfully reloaded assembly
- Completed reload, in  0.933 seconds
Platform modules already initialized, skipping
Refreshing native plugins compatible for Editor in 1.03 ms, found 6 plugins.
Preloading 0 native plugins for Editor in 0.00 ms.
Unloading 2355 Unused Serialized files (Serialized files now loaded: 0)
System memory in use before: 92.5 MB.
System memory in use after: 92.7 MB.

Unloading 74 unused Assets to reduce memory usage. Loaded Objects now: 2760.
Total: 5.178700 ms (FindLiveObjects: 0.253700 ms CreateObjectMapping: 0.061600 ms MarkObjects: 4.818600 ms  DeleteObjects: 0.043200 ms)

========================================================================
Received Import Request.
  Time since last request: 276.671891 seconds.
  path: Assets/02_Prafab/006_Supporter/Supporter2.prefab
  artifactKey: Guid(85304f7ad5b792845b072542890ae501) Importer(815301076,1909f56bfc062723c751e8b465ee728b)
Start importing Assets/02_Prafab/006_Supporter/Supporter2.prefab using Guid(85304f7ad5b792845b072542890ae501) Importer(815301076,1909f56bfc062723c751e8b465ee728b)  -> (artifact id: '7e58263712c5c80b4fb8acdd96038970') in 0.110503 seconds
  Import took 0.114240 seconds .

========================================================================
Received Import Request.
  Time since last request: 0.548134 seconds.
  path: Assets/02_Prafab/006_Supporter/Supporter2.prefab
  artifactKey: Guid(85304f7ad5b792845b072542890ae501) Importer(815301076,1909f56bfc062723c751e8b465ee728b)
Start importing Assets/02_Prafab/006_Supporter/Supporter2.prefab using Guid(85304f7ad5b792845b072542890ae501) Importer(815301076,1909f56bfc062723c751e8b465ee728b)  -> (artifact id: 'b3a8d56b015f44f5efd77fad2720f599') in 0.011958 seconds
  Import took 0.016155 seconds .

========================================================================
Received Prepare
Registering precompiled user dll's ...
Registered in 0.004051 seconds.
Begin MonoManager ReloadAssembly
Native extension for WindowsStandalone target not found
Native extension for WebGL target not found
Refreshing native plugins compatible for Editor in 1.04 ms, found 6 plugins.
Preloading 0 native plugins for Editor in 0.00 ms.
Mono: successfully reloaded assembly
- Completed reload, in  0.969 seconds
Platform modules already initialized, skipping
Refreshing native plugins compatible for Editor in 1.09 ms, found 6 plugins.
Preloading 0 native plugins for Editor in 0.00 ms.
Unloading 2355 Unused Serialized files (Serialized files now loaded: 0)
System memory in use before: 95.5 MB.
System memory in use after: 95.7 MB.

Unloading 74 unused Assets to reduce memory usage. Loaded Objects now: 2770.
Total: 5.065900 ms (FindLiveObjects: 0.264600 ms CreateObjectMapping: 0.069900 ms MarkObjects: 4.688500 ms  DeleteObjects: 0.041800 ms)

========================================================================
Received Prepare
Registering precompiled user dll's ...
Registered in 0.004561 seconds.
Begin MonoManager ReloadAssembly
Native extension for WindowsStandalone target not found
Native extension for WebGL target not found
Refreshing native plugins compatible for Editor in 1.03 ms, found 6 plugins.
Preloading 0 native plugins for Editor in 0.00 ms.
Mono: successfully reloaded assembly
- Completed reload, in  0.998 seconds
Platform modules already initialized, skipping
Refreshing native plugins compatible for Editor in 1.06 ms, found 6 plugins.
Preloading 0 native plugins for Editor in 0.00 ms.
Unloading 2355 Unused Serialized files (Serialized files now loaded: 0)
System memory in use before: 95.4 MB.
System memory in use after: 95.6 MB.

Unloading 74 unused Assets to reduce memory usage. Loaded Objects now: 2773.
Total: 4.946900 ms (FindLiveObjects: 0.246800 ms CreateObjectMapping: 0.061300 ms MarkObjects: 4.604600 ms  DeleteObjects: 0.033500 ms)

========================================================================
Received Prepare
Registering precompiled user dll's ...
Registered in 0.005089 seconds.
Begin MonoManager ReloadAssembly
Native extension for WindowsStandalone target not found
Native extension for WebGL target not found
Refreshing native plugins compatible for Editor in 1.31 ms, found 6 plugins.
Preloading 0 native plugins for Editor in 0.00 ms.
Mono: successfully reloaded assembly
- Completed reload, in  0.947 seconds
Platform modules already initialized, skipping
Refreshing native plugins compatible for Editor in 1.05 ms, found 6 plugins.
Preloading 0 native plugins for Editor in 0.00 ms.
Unloading 2355 Unused Serialized files (Serialized files now loaded: 0)
System memory in use before: 95.5 MB.
System memory in use after: 95.7 MB.

Unloading 74 unused Assets to reduce memory usage. Loaded Objects now: 2776.
Total: 4.984700 ms (FindLiveObjects: 0.252500 ms CreateObjectMapping: 0.062200 ms MarkObjects: 4.636800 ms  DeleteObjects: 0.032000 ms)

========================================================================
Received Import Request.
  Time since last request: 211.026329 seconds.
  path: Assets/01_Scripte/011_SaveData/SaveManager.cs
  artifactKey: Guid(99d2f0262c429d040a5ab2635ecde742) Importer(815301076,1909f56bfc062723c751e8b465ee728b)
Start importing Assets/01_Scripte/011_SaveData/SaveManager.cs using Guid(99d2f0262c429d040a5ab2635ecde742) Importer(815301076,1909f56bfc062723c751e8b465ee728b)  -> (artifact id: '7b626e18bca25d621885ee2d36a29906') in 0.018061 seconds
  Import took 0.021676 seconds .

========================================================================
Received Prepare
Registering precompiled user dll's ...
Registered in 0.004582 seconds.
Begin MonoManager ReloadAssembly
Native extension for WindowsStandalone target not found
Native extension for WebGL target not found
Refreshing native plugins compatible for Editor in 1.05 ms, found 6 plugins.
Preloading 0 native plugins for Editor in 0.00 ms.
Mono: successfully reloaded assembly
- Completed reload, in  0.948 seconds
Platform modules already initialized, skipping
Refreshing native plugins compatible for Editor in 1.04 ms, found 6 plugins.
Preloading 0 native plugins for Editor in 0.00 ms.
Unloading 2355 Unused Serialized files (Serialized files now loaded: 0)
System memory in use before: 95.5 MB.
System memory in use after: 95.7 MB.

Unloading 74 unused Assets to reduce memory usage. Loaded Objects now: 2779.
Total: 5.230100 ms (FindLiveObjects: 0.239700 ms CreateObjectMapping: 0.062400 ms MarkObjects: 4.890700 ms  DeleteObjects: 0.036000 ms)

========================================================================
Received Prepare
Registering precompiled user dll's ...
Registered in 0.004189 seconds.
Begin MonoManager ReloadAssembly
Native extension for WindowsStandalone target not found
Native extension for WebGL target not found
Refreshing native plugins compatible for Editor in 1.07 ms, found 6 plugins.
Preloading 0 native plugins for Editor in 0.00 ms.
Mono: successfully reloaded assembly
- Completed reload, in  0.955 seconds
Platform modules already initialized, skipping
Refreshing native plugins compatible for Editor in 1.07 ms, found 6 plugins.
Preloading 0 native plugins for Editor in 0.00 ms.
Unloading 2355 Unused Serialized files (Serialized files now loaded: 0)
System memory in use before: 95.5 MB.
System memory in use after: 95.7 MB.

Unloading 74 unused Assets to reduce memory usage. Loaded Objects now: 2782.
Total: 4.932400 ms (FindLiveObjects: 0.252800 ms CreateObjectMapping: 0.066700 ms MarkObjects: 4.578500 ms  DeleteObjects: 0.032900 ms)

========================================================================
Received Prepare
Registering precompiled user dll's ...
Registered in 0.004283 seconds.
Begin MonoManager ReloadAssembly
Native extension for WindowsStandalone target not found
Native extension for WebGL target not found
Refreshing native plugins compatible for Editor in 1.12 ms, found 6 plugins.
Preloading 0 native plugins for Editor in 0.00 ms.
Mono: successfully reloaded assembly
- Completed reload, in  0.977 seconds
Platform modules already initialized, skipping
Refreshing native plugins compatible for Editor in 1.03 ms, found 6 plugins.
Preloading 0 native plugins for Editor in 0.00 ms.
Unloading 2355 Unused Serialized files (Serialized files now loaded: 0)
System memory in use before: 95.5 MB.
System memory in use after: 95.8 MB.

Unloading 74 unused Assets to reduce memory usage. Loaded Objects now: 2785.
Total: 5.208400 ms (FindLiveObjects: 0.240600 ms CreateObjectMapping: 0.062200 ms MarkObjects: 4.866300 ms  DeleteObjects: 0.037900 ms)

========================================================================
Received Prepare
Refreshing native plugins compatible for Editor in 11.90 ms, found 6 plugins.
Preloading 0 native plugins for Editor in 0.00 ms.
Unloading 71 Unused Serialized files (Serialized files now loaded: 0)
System memory in use before: 50.5 MB.
System memory in use after: 50.7 MB.

Unloading 71 unused Assets to reduce memory usage. Loaded Objects now: 2785.
Total: 5.099700 ms (FindLiveObjects: 0.269900 ms CreateObjectMapping: 0.066200 ms MarkObjects: 4.724000 ms  DeleteObjects: 0.038700 ms)

========================================================================
Received Prepare
Registering precompiled user dll's ...
Registered in 0.004177 seconds.
Begin MonoManager ReloadAssembly
Native extension for WindowsStandalone target not found
Native extension for WebGL target not found
Refreshing native plugins compatible for Editor in 1.33 ms, found 6 plugins.
Preloading 0 native plugins for Editor in 0.00 ms.
Mono: successfully reloaded assembly
- Completed reload, in  1.086 seconds
Platform modules already initialized, skipping
Refreshing native plugins compatible for Editor in 1.12 ms, found 6 plugins.
Preloading 0 native plugins for Editor in 0.00 ms.
Unloading 2355 Unused Serialized files (Serialized files now loaded: 0)
System memory in use before: 95.5 MB.
System memory in use after: 95.7 MB.

Unloading 74 unused Assets to reduce memory usage. Loaded Objects now: 2788.
Total: 5.393700 ms (FindLiveObjects: 0.304500 ms CreateObjectMapping: 0.064200 ms MarkObjects: 4.981600 ms  DeleteObjects: 0.040600 ms)

========================================================================
Received Prepare
Refreshing native plugins compatible for Editor in 12.27 ms, found 6 plugins.
Preloading 0 native plugins for Editor in 0.00 ms.
Unloading 71 Unused Serialized files (Serialized files now loaded: 0)
System memory in use before: 50.4 MB.
System memory in use after: 50.6 MB.

Unloading 71 unused Assets to reduce memory usage. Loaded Objects now: 2788.
Total: 5.964800 ms (FindLiveObjects: 0.294400 ms CreateObjectMapping: 0.063300 ms MarkObjects: 5.554200 ms  DeleteObjects: 0.051000 ms)

========================================================================
Received Prepare
Registering precompiled user dll's ...
Registered in 0.005796 seconds.
Begin MonoManager ReloadAssembly
Native extension for WindowsStandalone target not found
Native extension for WebGL target not found
Refreshing native plugins compatible for Editor in 1.19 ms, found 6 plugins.
Preloading 0 native plugins for Editor in 0.00 ms.
Mono: successfully reloaded assembly
- Completed reload, in  1.112 seconds
Platform modules already initialized, skipping
Refreshing native plugins compatible for Editor in 1.11 ms, found 6 plugins.
Preloading 0 native plugins for Editor in 0.00 ms.
Unloading 2355 Unused Serialized files (Serialized files now loaded: 0)
System memory in use before: 95.6 MB.
System memory in use after: 95.8 MB.

Unloading 74 unused Assets to reduce memory usage. Loaded Objects now: 2791.
Total: 5.062500 ms (FindLiveObjects: 0.285800 ms CreateObjectMapping: 0.074100 ms MarkObjects: 4.663200 ms  DeleteObjects: 0.038100 ms)

========================================================================
Received Prepare
Registering precompiled user dll's ...
Registered in 0.004043 seconds.
Begin MonoManager ReloadAssembly
Native extension for WindowsStandalone target not found
Native extension for WebGL target not found
Refreshing native plugins compatible for Editor in 1.12 ms, found 6 plugins.
Preloading 0 native plugins for Editor in 0.00 ms.
Mono: successfully reloaded assembly
- Completed reload, in  1.145 seconds
Platform modules already initialized, skipping
Refreshing native plugins compatible for Editor in 1.17 ms, found 6 plugins.
Preloading 0 native plugins for Editor in 0.00 ms.
Unloading 2355 Unused Serialized files (Serialized files now loaded: 0)
System memory in use before: 95.6 MB.
System memory in use after: 95.8 MB.

Unloading 74 unused Assets to reduce memory usage. Loaded Objects now: 2794.
Total: 6.331000 ms (FindLiveObjects: 0.293300 ms CreateObjectMapping: 0.068600 ms MarkObjects: 5.927300 ms  DeleteObjects: 0.040600 ms)

========================================================================
Received Prepare
Registering precompiled user dll's ...
Registered in 0.004554 seconds.
Begin MonoManager ReloadAssembly
Native extension for WindowsStandalone target not found
Native extension for WebGL target not found
Refreshing native plugins compatible for Editor in 1.56 ms, found 6 plugins.
Preloading 0 native plugins for Editor in 0.00 ms.
Mono: successfully reloaded assembly
- Completed reload, in  1.107 seconds
Platform modules already initialized, skipping
Refreshing native plugins compatible for Editor in 1.38 ms, found 6 plugins.
Preloading 0 native plugins for Editor in 0.00 ms.
Unloading 2355 Unused Serialized files (Serialized files now loaded: 0)
System memory in use before: 95.6 MB.
System memory in use after: 95.8 MB.

Unloading 74 unused Assets to reduce memory usage. Loaded Objects now: 2797.
Total: 6.375500 ms (FindLiveObjects: 0.389400 ms CreateObjectMapping: 0.072900 ms MarkObjects: 5.856800 ms  DeleteObjects: 0.054000 ms)

========================================================================
Received Prepare
Registering precompiled user dll's ...
Registered in 0.004517 seconds.
Begin MonoManager ReloadAssembly
Native extension for WindowsStandalone target not found
Native extension for WebGL target not found
Refreshing native plugins compatible for Editor in 1.09 ms, found 6 plugins.
Preloading 0 native plugins for Editor in 0.00 ms.
Mono: successfully reloaded assembly
- Completed reload, in  1.134 seconds
Platform modules already initialized, skipping
Refreshing native plugins compatible for Editor in 1.29 ms, found 6 plugins.
Preloading 0 native plugins for Editor in 0.00 ms.
Unloading 2355 Unused Serialized files (Serialized files now loaded: 0)
System memory in use before: 95.6 MB.
System memory in use after: 95.8 MB.

Unloading 74 unused Assets to reduce memory usage. Loaded Objects now: 2800.
Total: 6.243000 ms (FindLiveObjects: 0.311900 ms CreateObjectMapping: 0.115900 ms MarkObjects: 5.771300 ms  DeleteObjects: 0.042400 ms)

========================================================================
Received Import Request.
  Time since last request: 3704.275204 seconds.
  path: Assets/01_Scripte/009_Scene/SceneSingleton.cs
  artifactKey: Guid(aee5394a76d43974a9de3cb0b2075493) Importer(815301076,1909f56bfc062723c751e8b465ee728b)
Start importing Assets/01_Scripte/009_Scene/SceneSingleton.cs using Guid(aee5394a76d43974a9de3cb0b2075493) Importer(815301076,1909f56bfc062723c751e8b465ee728b)  -> (artifact id: 'bdc6a41b17f9d8e59498af42191e7be0') in 0.010509 seconds
  Import took 0.014506 seconds .

========================================================================
Received Import Request.
  Time since last request: 1.051503 seconds.
  path: Assets/01_Scripte/009_Scene/SceneChange.cs
  artifactKey: Guid(a296250222ea62a41a1a61d171e83e98) Importer(815301076,1909f56bfc062723c751e8b465ee728b)
Start importing Assets/01_Scripte/009_Scene/SceneChange.cs using Guid(a296250222ea62a41a1a61d171e83e98) Importer(815301076,1909f56bfc062723c751e8b465ee728b)  -> (artifact id: 'fc770c2e6cc75ad5ccd578b079d65ef6') in 0.006516 seconds
  Import took 0.010405 seconds .

========================================================================
Received Import Request.
  Time since last request: 0.001390 seconds.
  path: Assets/01_Scripte/009_Scene/SceneChange.cs
  artifactKey: Guid(a296250222ea62a41a1a61d171e83e98) Importer(815301076,1909f56bfc062723c751e8b465ee728b)
Start importing Assets/01_Scripte/009_Scene/SceneChange.cs using Guid(a296250222ea62a41a1a61d171e83e98) Importer(815301076,1909f56bfc062723c751e8b465ee728b)  -> (artifact id: 'fc770c2e6cc75ad5ccd578b079d65ef6') in 0.002163 seconds
  Import took 0.007538 seconds .

========================================================================
Received Import Request.
  Time since last request: 1.850699 seconds.
  path: Assets/01_Scripte/009_Scene/SelectFirstCursor.cs
  artifactKey: Guid(908de2717991ab849a7377f69c0f661d) Importer(815301076,1909f56bfc062723c751e8b465ee728b)
Start importing Assets/01_Scripte/009_Scene/SelectFirstCursor.cs using Guid(908de2717991ab849a7377f69c0f661d) Importer(815301076,1909f56bfc062723c751e8b465ee728b)  -> (artifact id: 'd3cb7a1ce5addd68b50972544b60897f') in 0.010365 seconds
  Import took 0.014427 seconds .

========================================================================
Received Prepare
Registering precompiled user dll's ...
Registered in 0.007670 seconds.
Begin MonoManager ReloadAssembly
Native extension for WindowsStandalone target not found
Native extension for WebGL target not found
Refreshing native plugins compatible for Editor in 1.08 ms, found 6 plugins.
Preloading 0 native plugins for Editor in 0.00 ms.
Mono: successfully reloaded assembly
- Completed reload, in  1.163 seconds
Platform modules already initialized, skipping
Refreshing native plugins compatible for Editor in 1.06 ms, found 6 plugins.
Preloading 0 native plugins for Editor in 0.00 ms.
Unloading 2355 Unused Serialized files (Serialized files now loaded: 0)
System memory in use before: 95.5 MB.
System memory in use after: 95.7 MB.

Unloading 74 unused Assets to reduce memory usage. Loaded Objects now: 2803.
Total: 4.967700 ms (FindLiveObjects: 0.276300 ms CreateObjectMapping: 0.064300 ms MarkObjects: 4.585700 ms  DeleteObjects: 0.040000 ms)

========================================================================
Received Prepare
Registering precompiled user dll's ...
Registered in 0.004740 seconds.
Begin MonoManager ReloadAssembly
Native extension for WindowsStandalone target not found
Native extension for WebGL target not found
Refreshing native plugins compatible for Editor in 1.17 ms, found 6 plugins.
Preloading 0 native plugins for Editor in 0.00 ms.
Mono: successfully reloaded assembly
- Completed reload, in  1.106 seconds
Platform modules already initialized, skipping
Refreshing native plugins compatible for Editor in 1.04 ms, found 6 plugins.
Preloading 0 native plugins for Editor in 0.00 ms.
Unloading 2355 Unused Serialized files (Serialized files now loaded: 0)
System memory in use before: 95.6 MB.
System memory in use after: 95.8 MB.

Unloading 74 unused Assets to reduce memory usage. Loaded Objects now: 2806.
Total: 5.024800 ms (FindLiveObjects: 0.270400 ms CreateObjectMapping: 0.061400 ms MarkObjects: 4.654200 ms  DeleteObjects: 0.037300 ms)

========================================================================
Received Prepare
Registering precompiled user dll's ...
Registered in 0.004352 seconds.
Begin MonoManager ReloadAssembly
Native extension for WindowsStandalone target not found
Native extension for WebGL target not found
Refreshing native plugins compatible for Editor in 1.13 ms, found 6 plugins.
Preloading 0 native plugins for Editor in 0.00 ms.
Mono: successfully reloaded assembly
- Completed reload, in  1.144 seconds
Platform modules already initialized, skipping
Refreshing native plugins compatible for Editor in 1.11 ms, found 6 plugins.
Preloading 0 native plugins for Editor in 0.00 ms.
Unloading 2355 Unused Serialized files (Serialized files now loaded: 0)
System memory in use before: 95.6 MB.
System memory in use after: 95.8 MB.

Unloading 74 unused Assets to reduce memory usage. Loaded Objects now: 2809.
Total: 5.856500 ms (FindLiveObjects: 0.344900 ms CreateObjectMapping: 0.069500 ms MarkObjects: 5.389600 ms  DeleteObjects: 0.050700 ms)

========================================================================
Received Prepare
Registering precompiled user dll's ...
Registered in 0.004645 seconds.
Begin MonoManager ReloadAssembly
Native extension for WindowsStandalone target not found
Native extension for WebGL target not found
Refreshing native plugins compatible for Editor in 1.38 ms, found 6 plugins.
Preloading 0 native plugins for Editor in 0.00 ms.
Mono: successfully reloaded assembly
- Completed reload, in  1.200 seconds
Platform modules already initialized, skipping
Refreshing native plugins compatible for Editor in 1.43 ms, found 6 plugins.
Preloading 0 native plugins for Editor in 0.00 ms.
Unloading 2355 Unused Serialized files (Serialized files now loaded: 0)
System memory in use before: 95.6 MB.
System memory in use after: 95.8 MB.

Unloading 74 unused Assets to reduce memory usage. Loaded Objects now: 2812.
Total: 5.598400 ms (FindLiveObjects: 0.304600 ms CreateObjectMapping: 0.063400 ms MarkObjects: 5.186100 ms  DeleteObjects: 0.041900 ms)

========================================================================
Received Import Request.
  Time since last request: 281.552846 seconds.
  path: Assets/00_Scenes/Title_Demo.unity
  artifactKey: Guid(99f16c3219df31b408468297e555bf7f) Importer(815301076,1909f56bfc062723c751e8b465ee728b)
Start importing Assets/00_Scenes/Title_Demo.unity using Guid(99f16c3219df31b408468297e555bf7f) Importer(815301076,1909f56bfc062723c751e8b465ee728b)  -> (artifact id: '885bc8f962547734fd9b2b721c6ce894') in 0.021462 seconds
  Import took 0.025719 seconds .

========================================================================
Received Prepare
Registering precompiled user dll's ...
Registered in 0.004181 seconds.
Begin MonoManager ReloadAssembly
Native extension for WindowsStandalone target not found
Native extension for WebGL target not found
Refreshing native plugins compatible for Editor in 1.09 ms, found 6 plugins.
Preloading 0 native plugins for Editor in 0.00 ms.
Mono: successfully reloaded assembly
- Completed reload, in  1.161 seconds
Platform modules already initialized, skipping
Refreshing native plugins compatible for Editor in 1.39 ms, found 6 plugins.
Preloading 0 native plugins for Editor in 0.00 ms.
Unloading 2355 Unused Serialized files (Serialized files now loaded: 0)
System memory in use before: 95.6 MB.
System memory in use after: 95.8 MB.

Unloading 74 unused Assets to reduce memory usage. Loaded Objects now: 2815.
Total: 6.923100 ms (FindLiveObjects: 0.289200 ms CreateObjectMapping: 0.065700 ms MarkObjects: 6.525000 ms  DeleteObjects: 0.041600 ms)

========================================================================
Received Prepare
Registering precompiled user dll's ...
Registered in 0.004998 seconds.
Begin MonoManager ReloadAssembly
Native extension for WindowsStandalone target not found
Native extension for WebGL target not found
Refreshing native plugins compatible for Editor in 1.14 ms, found 6 plugins.
Preloading 0 native plugins for Editor in 0.00 ms.
Mono: successfully reloaded assembly
- Completed reload, in  1.198 seconds
Platform modules already initialized, skipping
Refreshing native plugins compatible for Editor in 1.10 ms, found 6 plugins.
Preloading 0 native plugins for Editor in 0.00 ms.
Unloading 2355 Unused Serialized files (Serialized files now loaded: 0)
System memory in use before: 95.5 MB.
System memory in use after: 95.7 MB.

Unloading 74 unused Assets to reduce memory usage. Loaded Objects now: 2818.
Total: 5.171600 ms (FindLiveObjects: 0.292700 ms CreateObjectMapping: 0.066600 ms MarkObjects: 4.770400 ms  DeleteObjects: 0.040300 ms)

========================================================================
Received Prepare
Registering precompiled user dll's ...
Registered in 0.004224 seconds.
Begin MonoManager ReloadAssembly
Native extension for WindowsStandalone target not found
Native extension for WebGL target not found
Refreshing native plugins compatible for Editor in 1.08 ms, found 6 plugins.
Preloading 0 native plugins for Editor in 0.00 ms.
Mono: successfully reloaded assembly
- Completed reload, in  1.106 seconds
Platform modules already initialized, skipping
Refreshing native plugins compatible for Editor in 1.27 ms, found 6 plugins.
Preloading 0 native plugins for Editor in 0.00 ms.
Unloading 2355 Unused Serialized files (Serialized files now loaded: 0)
System memory in use before: 95.6 MB.
System memory in use after: 95.8 MB.

Unloading 74 unused Assets to reduce memory usage. Loaded Objects now: 2821.
Total: 5.702400 ms (FindLiveObjects: 0.304000 ms CreateObjectMapping: 0.071000 ms MarkObjects: 5.279800 ms  DeleteObjects: 0.045500 ms)

========================================================================
Received Prepare
Registering precompiled user dll's ...
Registered in 0.004503 seconds.
Begin MonoManager ReloadAssembly
Native extension for WindowsStandalone target not found
Native extension for WebGL target not found
Refreshing native plugins compatible for Editor in 1.30 ms, found 6 plugins.
Preloading 0 native plugins for Editor in 0.00 ms.
Mono: successfully reloaded assembly
- Completed reload, in  1.199 seconds
Platform modules already initialized, skipping
Refreshing native plugins compatible for Editor in 1.10 ms, found 6 plugins.
Preloading 0 native plugins for Editor in 0.00 ms.
Unloading 2355 Unused Serialized files (Serialized files now loaded: 0)
System memory in use before: 95.6 MB.
System memory in use after: 95.8 MB.

Unloading 74 unused Assets to reduce memory usage. Loaded Objects now: 2824.
Total: 5.841700 ms (FindLiveObjects: 0.438600 ms CreateObjectMapping: 0.085200 ms MarkObjects: 5.272500 ms  DeleteObjects: 0.043100 ms)

========================================================================
Received Import Request.
  Time since last request: 447.867041 seconds.
  path: Assets/00_Scenes/Title_Demo.unity
  artifactKey: Guid(99f16c3219df31b408468297e555bf7f) Importer(815301076,1909f56bfc062723c751e8b465ee728b)
Start importing Assets/00_Scenes/Title_Demo.unity using Guid(99f16c3219df31b408468297e555bf7f) Importer(815301076,1909f56bfc062723c751e8b465ee728b)  -> (artifact id: '13604b79638ca6029a63fe1b4f6a46f1') in 0.017794 seconds
  Import took 0.023284 seconds .

========================================================================
Received Import Request.
  Time since last request: 60.712768 seconds.
  path: Assets/00_Scenes/Title_Demo.unity
  artifactKey: Guid(99f16c3219df31b408468297e555bf7f) Importer(815301076,1909f56bfc062723c751e8b465ee728b)
Start importing Assets/00_Scenes/Title_Demo.unity using Guid(99f16c3219df31b408468297e555bf7f) Importer(815301076,1909f56bfc062723c751e8b465ee728b)  -> (artifact id: '2acc597f5e59072f3b2f40a2ff6006a0') in 0.003153 seconds
  Import took 0.006578 seconds .

========================================================================
Received Import Request.
  Time since last request: 17.031496 seconds.
  path: Assets/00_Scenes/Select_Demo.unity
  artifactKey: Guid(15afe59b6876b6849b24a527d27361af) Importer(815301076,1909f56bfc062723c751e8b465ee728b)
Start importing Assets/00_Scenes/Select_Demo.unity using Guid(15afe59b6876b6849b24a527d27361af) Importer(815301076,1909f56bfc062723c751e8b465ee728b)  -> (artifact id: 'fb8ccfb5d99db1a86f34506a5a633422') in 1.266055 seconds
  Import took 1.269636 seconds .

========================================================================
Received Prepare
Registering precompiled user dll's ...
Registered in 0.004288 seconds.
Begin MonoManager ReloadAssembly
Native extension for WindowsStandalone target not found
Native extension for WebGL target not found
Refreshing native plugins compatible for Editor in 1.16 ms, found 6 plugins.
Preloading 0 native plugins for Editor in 0.00 ms.
Mono: successfully reloaded assembly
- Completed reload, in  1.216 seconds
Platform modules already initialized, skipping
Refreshing native plugins compatible for Editor in 1.18 ms, found 6 plugins.
Preloading 0 native plugins for Editor in 0.00 ms.
Unloading 2355 Unused Serialized files (Serialized files now loaded: 0)
System memory in use before: 95.7 MB.
System memory in use after: 95.9 MB.

Unloading 74 unused Assets to reduce memory usage. Loaded Objects now: 2827.
Total: 7.236000 ms (FindLiveObjects: 0.659000 ms CreateObjectMapping: 0.119900 ms MarkObjects: 6.411000 ms  DeleteObjects: 0.043700 ms)

========================================================================
Received Import Request.
  Time since last request: 33.944771 seconds.
  path: Assets/00_Scenes/Select_Demo.unity
  artifactKey: Guid(15afe59b6876b6849b24a527d27361af) Importer(815301076,1909f56bfc062723c751e8b465ee728b)
Start importing Assets/00_Scenes/Select_Demo.unity using Guid(15afe59b6876b6849b24a527d27361af) Importer(815301076,1909f56bfc062723c751e8b465ee728b)  -> (artifact id: '3c79a5c1285ff02ef0be75225abbe24d') in 0.020439 seconds
  Import took 0.025127 seconds .

========================================================================
Received Prepare
Registering precompiled user dll's ...
Registered in 0.004569 seconds.
Begin MonoManager ReloadAssembly
Native extension for WindowsStandalone target not found
Native extension for WebGL target not found
Refreshing native plugins compatible for Editor in 1.21 ms, found 6 plugins.
Preloading 0 native plugins for Editor in 0.00 ms.
Mono: successfully reloaded assembly
- Completed reload, in  1.139 seconds
Platform modules already initialized, skipping
Refreshing native plugins compatible for Editor in 1.20 ms, found 6 plugins.
Preloading 0 native plugins for Editor in 0.00 ms.
Unloading 2355 Unused Serialized files (Serialized files now loaded: 0)
System memory in use before: 95.7 MB.
System memory in use after: 95.9 MB.

Unloading 74 unused Assets to reduce memory usage. Loaded Objects now: 2830.
Total: 6.156500 ms (FindLiveObjects: 0.308100 ms CreateObjectMapping: 0.067200 ms MarkObjects: 5.720200 ms  DeleteObjects: 0.058900 ms)

========================================================================
Received Prepare
Registering precompiled user dll's ...
Registered in 0.006166 seconds.
Begin MonoManager ReloadAssembly
Native extension for WindowsStandalone target not found
Native extension for WebGL target not found
Refreshing native plugins compatible for Editor in 1.25 ms, found 6 plugins.
Preloading 0 native plugins for Editor in 0.00 ms.
Mono: successfully reloaded assembly
- Completed reload, in  0.994 seconds
Platform modules already initialized, skipping
Refreshing native plugins compatible for Editor in 1.11 ms, found 6 plugins.
Preloading 0 native plugins for Editor in 0.00 ms.
Unloading 2355 Unused Serialized files (Serialized files now loaded: 0)
System memory in use before: 95.6 MB.
System memory in use after: 95.8 MB.

Unloading 74 unused Assets to reduce memory usage. Loaded Objects now: 2833.
Total: 5.209900 ms (FindLiveObjects: 0.292800 ms CreateObjectMapping: 0.062700 ms MarkObjects: 4.812200 ms  DeleteObjects: 0.040800 ms)

========================================================================
Received Prepare
Registering precompiled user dll's ...
Registered in 0.004530 seconds.
Begin MonoManager ReloadAssembly
Native extension for WindowsStandalone target not found
Native extension for WebGL target not found
Refreshing native plugins compatible for Editor in 1.35 ms, found 6 plugins.
Preloading 0 native plugins for Editor in 0.00 ms.
Mono: successfully reloaded assembly
- Completed reload, in  1.199 seconds
Platform modules already initialized, skipping
Refreshing native plugins compatible for Editor in 1.24 ms, found 6 plugins.
Preloading 0 native plugins for Editor in 0.00 ms.
Unloading 2355 Unused Serialized files (Serialized files now loaded: 0)
System memory in use before: 95.7 MB.
System memory in use after: 95.9 MB.

Unloading 74 unused Assets to reduce memory usage. Loaded Objects now: 2836.
Total: 5.880300 ms (FindLiveObjects: 0.302500 ms CreateObjectMapping: 0.064100 ms MarkObjects: 5.462800 ms  DeleteObjects: 0.048400 ms)

========================================================================
Received Prepare
Registering precompiled user dll's ...
Registered in 0.004909 seconds.
Begin MonoManager ReloadAssembly
Native extension for WindowsStandalone target not found
Native extension for WebGL target not found
Refreshing native plugins compatible for Editor in 1.92 ms, found 6 plugins.
Preloading 0 native plugins for Editor in 0.00 ms.
Mono: successfully reloaded assembly
- Completed reload, in  1.152 seconds
Platform modules already initialized, skipping
Refreshing native plugins compatible for Editor in 1.21 ms, found 6 plugins.
Preloading 0 native plugins for Editor in 0.00 ms.
Unloading 2355 Unused Serialized files (Serialized files now loaded: 0)
System memory in use before: 95.7 MB.
System memory in use after: 95.9 MB.

Unloading 74 unused Assets to reduce memory usage. Loaded Objects now: 2839.
Total: 6.757700 ms (FindLiveObjects: 0.350100 ms CreateObjectMapping: 0.073100 ms MarkObjects: 6.288000 ms  DeleteObjects: 0.044700 ms)

========================================================================
Received Prepare
Registering precompiled user dll's ...
Registered in 0.004122 seconds.
Begin MonoManager ReloadAssembly
Native extension for WindowsStandalone target not found
Native extension for WebGL target not found
Refreshing native plugins compatible for Editor in 1.18 ms, found 6 plugins.
Preloading 0 native plugins for Editor in 0.00 ms.
Mono: successfully reloaded assembly
- Completed reload, in  1.130 seconds
Platform modules already initialized, skipping
Refreshing native plugins compatible for Editor in 1.30 ms, found 6 plugins.
Preloading 0 native plugins for Editor in 0.00 ms.
Unloading 2355 Unused Serialized files (Serialized files now loaded: 0)
System memory in use before: 95.7 MB.
System memory in use after: 95.9 MB.

Unloading 74 unused Assets to reduce memory usage. Loaded Objects now: 2842.
Total: 6.064300 ms (FindLiveObjects: 0.357300 ms CreateObjectMapping: 0.066400 ms MarkObjects: 5.594600 ms  DeleteObjects: 0.044100 ms)

========================================================================
Received Prepare
Registering precompiled user dll's ...
Registered in 0.004754 seconds.
Begin MonoManager ReloadAssembly
Native extension for WindowsStandalone target not found
Native extension for WebGL target not found
Refreshing native plugins compatible for Editor in 1.12 ms, found 6 plugins.
Preloading 0 native plugins for Editor in 0.00 ms.
Mono: successfully reloaded assembly
- Completed reload, in  1.291 seconds
Platform modules already initialized, skipping
Refreshing native plugins compatible for Editor in 1.25 ms, found 6 plugins.
Preloading 0 native plugins for Editor in 0.00 ms.
Unloading 2355 Unused Serialized files (Serialized files now loaded: 0)
System memory in use before: 95.7 MB.
System memory in use after: 95.9 MB.

Unloading 74 unused Assets to reduce memory usage. Loaded Objects now: 2845.
Total: 10.258000 ms (FindLiveObjects: 0.355400 ms CreateObjectMapping: 0.124600 ms MarkObjects: 9.726900 ms  DeleteObjects: 0.048400 ms)

========================================================================
Received Prepare
Registering precompiled user dll's ...
Registered in 0.004559 seconds.
Begin MonoManager ReloadAssembly
Native extension for WindowsStandalone target not found
Native extension for WebGL target not found
Refreshing native plugins compatible for Editor in 1.08 ms, found 6 plugins.
Preloading 0 native plugins for Editor in 0.00 ms.
Mono: successfully reloaded assembly
- Completed reload, in  1.044 seconds
Platform modules already initialized, skipping
Refreshing native plugins compatible for Editor in 1.05 ms, found 6 plugins.
Preloading 0 native plugins for Editor in 0.00 ms.
Unloading 2355 Unused Serialized files (Serialized files now loaded: 0)
System memory in use before: 95.6 MB.
System memory in use after: 95.8 MB.

Unloading 74 unused Assets to reduce memory usage. Loaded Objects now: 2848.
Total: 5.638100 ms (FindLiveObjects: 0.275600 ms CreateObjectMapping: 0.061800 ms MarkObjects: 5.259800 ms  DeleteObjects: 0.039100 ms)

AssetImportWorkerClient::OnTransportError - code=2 error=End of file
